<?xml version="1.0" encoding="UTF-8"?>
<!-- Generated by org.testng.reporters.JUnitXMLReporter -->
<testsuite ignored="0" hostname="SWAPNILBANSODE" failures="3" tests="13" name="Functional Testing on chrome" time="138.038" errors="0" timestamp="2023-04-27T01:53:14 IST">
  <testcase classname="test.TestCasesForFunctionalityOfSwagLabs" name="verifyLogInFunctionality" time="0.867"/>
  <testcase classname="test.TestCasesForFunctionalityOfSwagLabs" name="verifyLogInFunctionality" time="0.792"/>
  <testcase classname="test.TestCasesForFunctionalityOfSwagLabs" name="verifyLogInFunctionality" time="0.875"/>
  <testcase classname="test.TestCasesForFunctionalityOfSwagLabs" name="verifyLogInFunctionality" time="6.027"/>
  <testcase classname="test.TestCasesForFunctionalityOfSwagLabs" name="addProductOnCart" time="4.125"/>
  <testcase classname="test.TestCasesForFunctionalityOfSwagLabs" name="removeProductFromCart" time="4.187">
    <failure type="org.openqa.selenium.WebDriverException" message="target frame detached
  (failed to check if window was closed: disconnected: not connected to DevTools)
  (Session info: chrome=112.0.5615.138)
Build info: version: &amp;apos;4.8.3&amp;apos;, revision: &amp;apos;e5e76298c3&amp;apos;
System info: os.name: &amp;apos;Windows 10&amp;apos;, os.arch: &amp;apos;amd64&amp;apos;, os.version: &amp;apos;10.0&amp;apos;, java.version: &amp;apos;17.0.5&amp;apos;
Driver info: org.openqa.selenium.chrome.ChromeDriver
Command: [04c67b6986910d9146017a0a46d912fa, findElements {using=xpath, value=//div[@class=&amp;quot;cart_item&amp;quot;]}]
Capabilities {acceptInsecureCerts: false, browserName: chrome, browserVersion: 112.0.5615.138, chrome: {chromedriverVersion: 112.0.5615.49 (bd2a7bcb881c..., userDataDir: C:\Users\swapn\AppData\Loca...}, goog:chromeOptions: {debuggerAddress: localhost:51695}, networkConnectionEnabled: false, pageLoadStrategy: normal, platformName: WINDOWS, proxy: Proxy(), se:cdp: ws://localhost:51695/devtoo..., se:cdpVersion: 112.0.5615.138, setWindowRect: true, strictFileInteractability: false, timeouts: {implicit: 0, pageLoad: 300000, script: 30000}, unhandledPromptBehavior: dismiss and notify, webauthn:extension:credBlob: true, webauthn:extension:largeBlob: true, webauthn:extension:minPinLength: true, webauthn:extension:prf: true, webauthn:virtualAuthenticators: true}
Session ID: 04c67b6986910d9146017a0a46d912fa">
      <![CDATA[org.openqa.selenium.WebDriverException: target frame detached
  (failed to check if window was closed: disconnected: not connected to DevTools)
  (Session info: chrome=112.0.5615.138)
Build info: version: '4.8.3', revision: 'e5e76298c3'
System info: os.name: 'Windows 10', os.arch: 'amd64', os.version: '10.0', java.version: '17.0.5'
Driver info: org.openqa.selenium.chrome.ChromeDriver
Command: [04c67b6986910d9146017a0a46d912fa, findElements {using=xpath, value=//div[@class="cart_item"]}]
Capabilities {acceptInsecureCerts: false, browserName: chrome, browserVersion: 112.0.5615.138, chrome: {chromedriverVersion: 112.0.5615.49 (bd2a7bcb881c..., userDataDir: C:\Users\swapn\AppData\Loca...}, goog:chromeOptions: {debuggerAddress: localhost:51695}, networkConnectionEnabled: false, pageLoadStrategy: normal, platformName: WINDOWS, proxy: Proxy(), se:cdp: ws://localhost:51695/devtoo..., se:cdpVersion: 112.0.5615.138, setWindowRect: true, strictFileInteractability: false, timeouts: {implicit: 0, pageLoad: 300000, script: 30000}, unhandledPromptBehavior: dismiss and notify, webauthn:extension:credBlob: true, webauthn:extension:largeBlob: true, webauthn:extension:minPinLength: true, webauthn:extension:prf: true, webauthn:virtualAuthenticators: true}
Session ID: 04c67b6986910d9146017a0a46d912fa
at org.openqa.selenium.remote.codec.w3c.W3CHttpResponseCodec.createException(W3CHttpResponseCodec.java:200)
at org.openqa.selenium.remote.codec.w3c.W3CHttpResponseCodec.decode(W3CHttpResponseCodec.java:133)
at org.openqa.selenium.remote.codec.w3c.W3CHttpResponseCodec.decode(W3CHttpResponseCodec.java:53)
at org.openqa.selenium.remote.HttpCommandExecutor.execute(HttpCommandExecutor.java:193)
at org.openqa.selenium.remote.service.DriverCommandExecutor.invokeExecute(DriverCommandExecutor.java:183)
at org.openqa.selenium.remote.service.DriverCommandExecutor.execute(DriverCommandExecutor.java:158)
at org.openqa.selenium.remote.RemoteWebDriver.execute(RemoteWebDriver.java:543)
at org.openqa.selenium.remote.ElementLocation$ElementFinder$2.findElements(ElementLocation.java:179)
at org.openqa.selenium.remote.ElementLocation.findElements(ElementLocation.java:102)
at org.openqa.selenium.remote.RemoteWebDriver.findElements(RemoteWebDriver.java:367)
at org.openqa.selenium.remote.RemoteWebDriver.findElements(RemoteWebDriver.java:359)
at org.openqa.selenium.support.pagefactory.DefaultElementLocator.findElements(DefaultElementLocator.java:87)
at org.openqa.selenium.support.pagefactory.internal.LocatingElementListHandler.invoke(LocatingElementListHandler.java:37)
at jdk.proxy2/jdk.proxy2.$Proxy27.size(Unknown Source)
at pom.CartPage.numberOfContainers(CartPage.java:33)
at test.TestCasesForFunctionalityOfSwagLabs.removeProductFromCart(TestCasesForFunctionalityOfSwagLabs.java:130)
at java.base/java.util.ArrayList.forEach(ArrayList.java:1511)
... Removed 32 stack frames]]>
    </failure>
  </testcase> <!-- removeProductFromCart -->
  <testcase classname="test.TestCasesForFunctionalityOfSwagLabs" name="addMultipleProductToCart" time="2.907"/>
  <testcase classname="test.TestCasesForFunctionalityOfSwagLabs" name="RemoveMultipleProductsFromCart" time="3.735"/>
  <testcase classname="test.TestCasesForFunctionalityOfSwagLabs" name="VerifyChekoutFunctionality" time="3.773">
    <failure type="java.lang.NumberFormatException" message="For input string: &amp;quot;ax: $3.68&amp;quot;">
      <![CDATA[java.lang.NumberFormatException: For input string: "ax: $3.68"
at java.base/jdk.internal.math.FloatingDecimal.readJavaFormatString(FloatingDecimal.java:2054)
at java.base/jdk.internal.math.FloatingDecimal.parseDouble(FloatingDecimal.java:110)
at java.base/java.lang.Double.parseDouble(Double.java:651)
at pom.Overview.getTotle(Overview.java:58)
at test.TestCasesForFunctionalityOfSwagLabs.VerifyChekoutFunctionality(TestCasesForFunctionalityOfSwagLabs.java:253)
at java.base/java.util.ArrayList.forEach(ArrayList.java:1511)
... Removed 27 stack frames]]>
    </failure>
  </testcase> <!-- VerifyChekoutFunctionality -->
  <testcase classname="test.ValidatingLoginFunctionality" name="verifyLoginWithstandard_user" time="1.266"/>
  <testcase classname="test.ValidatingLoginFunctionality" name="verifyLoginWithlocked_out_user" time="1.215"/>
  <testcase classname="test.ValidatingLoginFunctionality" name="verifyLoginWithproblem_user" time="1.622"/>
  <testcase classname="test.ValidatingLoginFunctionality" name="verifyLoginWithperformance_glitch_user" time="1.323">
    <failure type="org.testng.internal.thread.ThreadTimeoutException" message="Method test.ValidatingLoginFunctionality.verifyLoginWithperformance_glitch_user() didn&amp;apos;t finish within the time-out 1200">
      <![CDATA[org.testng.internal.thread.ThreadTimeoutException: Method test.ValidatingLoginFunctionality.verifyLoginWithperformance_glitch_user() didn't finish within the time-out 1200
at java.base@17.0.5/jdk.internal.misc.Unsafe.park(Native Method)
at java.base@17.0.5/java.util.concurrent.locks.LockSupport.parkNanos(LockSupport.java:252)
at java.base@17.0.5/java.util.concurrent.CompletableFuture$Signaller.block(CompletableFuture.java:1866)
at java.base@17.0.5/java.util.concurrent.ForkJoinPool.unmanagedBlock(ForkJoinPool.java:3463)
at java.base@17.0.5/java.util.concurrent.ForkJoinPool.managedBlock(ForkJoinPool.java:3434)
at java.base@17.0.5/java.util.concurrent.CompletableFuture.timedGet(CompletableFuture.java:1939)
at java.base@17.0.5/java.util.concurrent.CompletableFuture.get(CompletableFuture.java:2095)
at app//org.asynchttpclient.netty.NettyResponseFuture.get(NettyResponseFuture.java:206)
at app//org.openqa.selenium.remote.http.netty.NettyHttpHandler.makeCall(NettyHttpHandler.java:59)
at app//org.openqa.selenium.remote.http.netty.NettyHttpHandler$$Lambda$491/0x0000000800fe7078.execute(Unknown Source)
at app//org.openqa.selenium.remote.http.AddSeleniumUserAgent.lambda$apply$0(AddSeleniumUserAgent.java:42)
at app//org.openqa.selenium.remote.http.AddSeleniumUserAgent$$Lambda$651/0x0000000801021660.execute(Unknown Source)
at app//org.openqa.selenium.remote.http.Filter.lambda$andFinally$1(Filter.java:56)
at app//org.openqa.selenium.remote.http.Filter$$Lambda$492/0x0000000800fe72a8.execute(Unknown Source)
at app//org.openqa.selenium.remote.http.netty.NettyHttpHandler.execute(NettyHttpHandler.java:49)
at app//org.openqa.selenium.remote.http.AddSeleniumUserAgent.lambda$apply$0(AddSeleniumUserAgent.java:42)
at app//org.openqa.selenium.remote.http.AddSeleniumUserAgent$$Lambda$651/0x0000000801021660.execute(Unknown Source)
at app//org.openqa.selenium.remote.http.Filter.lambda$andFinally$1(Filter.java:56)
at app//org.openqa.selenium.remote.http.Filter$$Lambda$492/0x0000000800fe72a8.execute(Unknown Source)
at app//org.openqa.selenium.remote.http.netty.NettyClient.execute(NettyClient.java:99)
at app//org.openqa.selenium.remote.HttpCommandExecutor.execute(HttpCommandExecutor.java:190)
at app//org.openqa.selenium.remote.service.DriverCommandExecutor.invokeExecute(DriverCommandExecutor.java:183)
at app//org.openqa.selenium.remote.service.DriverCommandExecutor.execute(DriverCommandExecutor.java:158)
at app//org.openqa.selenium.remote.RemoteWebDriver.execute(RemoteWebDriver.java:543)
at app//org.openqa.selenium.remote.RemoteWebElement.execute(RemoteWebElement.java:257)
at app//org.openqa.selenium.remote.RemoteWebElement.click(RemoteWebElement.java:78)
at app//org.openqa.selenium.support.pagefactory.internal.LocatingElementHandler.invoke(LocatingElementHandler.java:52)
at app/jdk.proxy2/jdk.proxy2.$Proxy26.click(Unknown Source)
at app//pom.LoginPage.clickOnLogin(LoginPage.java:32)
at app//test.ValidatingLoginFunctionality.verifyLoginWithperformance_glitch_user(ValidatingLoginFunctionality.java:102)
at java.base@17.0.5/java.util.concurrent.FutureTask.run(FutureTask.java:264)
at java.base@17.0.5/java.util.concurrent.ThreadPoolExecutor.runWorker(ThreadPoolExecutor.java:1136)
at java.base@17.0.5/java.util.concurrent.ThreadPoolExecutor$Worker.run(ThreadPoolExecutor.java:635)
at java.base@17.0.5/java.lang.Thread.run(Thread.java:833)
... Removed 11 stack frames]]>
    </failure>
  </testcase> <!-- verifyLoginWithperformance_glitch_user -->
</testsuite> <!-- Functional Testing on chrome -->
