<?xml version="1.0" encoding="UTF-8"?>
<!-- Generated by org.testng.reporters.JUnitXMLReporter -->
<testsuite ignored="6" hostname="SWAPNILBANSODE" failures="2" tests="4" name="Regration Testing on chrome" time="22.881" errors="0" timestamp="2023-04-27T01:46:33 IST">
  <testcase classname="test.ValidatingLoginFunctionality" name="verifyLoginWithstandard_user" time="0.839"/>
  <testcase classname="test.ValidatingLoginFunctionality" name="verifyLoginWithlocked_out_user" time="1.054"/>
  <testcase classname="test.ValidatingLoginFunctionality" name="verifyLoginWithproblem_user" time="1.246">
    <failure type="java.lang.AssertionError" message="expected [false] but found [true]">
      <![CDATA[java.lang.AssertionError: expected [false] but found [true]
at test.ValidatingLoginFunctionality.verifyLoginWithproblem_user(ValidatingLoginFunctionality.java:87)
at java.base/java.util.ArrayList.forEach(ArrayList.java:1511)
... Removed 34 stack frames]]>
    </failure>
  </testcase> <!-- verifyLoginWithproblem_user -->
  <testcase classname="test.ValidatingLoginFunctionality" name="verifyLoginWithperformance_glitch_user" time="1.219">
    <failure type="org.testng.internal.thread.ThreadTimeoutException" message="Method test.ValidatingLoginFunctionality.verifyLoginWithperformance_glitch_user() didn&amp;apos;t finish within the time-out 1200">
      <![CDATA[org.testng.internal.thread.ThreadTimeoutException: Method test.ValidatingLoginFunctionality.verifyLoginWithperformance_glitch_user() didn't finish within the time-out 1200
at java.base@17.0.5/jdk.internal.misc.Unsafe.park(Native Method)
at java.base@17.0.5/java.util.concurrent.locks.LockSupport.parkNanos(LockSupport.java:252)
at java.base@17.0.5/java.util.concurrent.CompletableFuture$Signaller.block(CompletableFuture.java:1866)
at java.base@17.0.5/java.util.concurrent.ForkJoinPool.unmanagedBlock(ForkJoinPool.java:3463)
at java.base@17.0.5/java.util.concurrent.ForkJoinPool.managedBlock(ForkJoinPool.java:3434)
at java.base@17.0.5/java.util.concurrent.CompletableFuture.timedGet(CompletableFuture.java:1939)
at java.base@17.0.5/java.util.concurrent.CompletableFuture.get(CompletableFuture.java:2095)
at app//org.asynchttpclient.netty.NettyResponseFuture.get(NettyResponseFuture.java:206)
at app//org.openqa.selenium.remote.http.netty.NettyHttpHandler.makeCall(NettyHttpHandler.java:59)
at app//org.openqa.selenium.remote.http.netty.NettyHttpHandler$$Lambda$493/0x0000000800fe7b88.execute(Unknown Source)
at app//org.openqa.selenium.remote.http.AddSeleniumUserAgent.lambda$apply$0(AddSeleniumUserAgent.java:42)
at app//org.openqa.selenium.remote.http.AddSeleniumUserAgent$$Lambda$653/0x0000000801021a70.execute(Unknown Source)
at app//org.openqa.selenium.remote.http.Filter.lambda$andFinally$1(Filter.java:56)
at app//org.openqa.selenium.remote.http.Filter$$Lambda$494/0x0000000800fe7db8.execute(Unknown Source)
at app//org.openqa.selenium.remote.http.netty.NettyHttpHandler.execute(NettyHttpHandler.java:49)
at app//org.openqa.selenium.remote.http.AddSeleniumUserAgent.lambda$apply$0(AddSeleniumUserAgent.java:42)
at app//org.openqa.selenium.remote.http.AddSeleniumUserAgent$$Lambda$653/0x0000000801021a70.execute(Unknown Source)
at app//org.openqa.selenium.remote.http.Filter.lambda$andFinally$1(Filter.java:56)
at app//org.openqa.selenium.remote.http.Filter$$Lambda$494/0x0000000800fe7db8.execute(Unknown Source)
at app//org.openqa.selenium.remote.http.netty.NettyClient.execute(NettyClient.java:99)
at app//org.openqa.selenium.remote.HttpCommandExecutor.execute(HttpCommandExecutor.java:190)
at app//org.openqa.selenium.remote.service.DriverCommandExecutor.invokeExecute(DriverCommandExecutor.java:183)
at app//org.openqa.selenium.remote.service.DriverCommandExecutor.execute(DriverCommandExecutor.java:158)
at app//org.openqa.selenium.remote.RemoteWebDriver.execute(RemoteWebDriver.java:543)
at app//org.openqa.selenium.remote.RemoteWebElement.execute(RemoteWebElement.java:257)
at app//org.openqa.selenium.remote.RemoteWebElement.click(RemoteWebElement.java:78)
at app//org.openqa.selenium.support.pagefactory.internal.LocatingElementHandler.invoke(LocatingElementHandler.java:52)
at app/jdk.proxy2/jdk.proxy2.$Proxy26.click(Unknown Source)
at app//pom.LoginPage.clickOnLogin(LoginPage.java:32)
at app//test.ValidatingLoginFunctionality.verifyLoginWithperformance_glitch_user(ValidatingLoginFunctionality.java:102)
at java.base@17.0.5/java.util.concurrent.FutureTask.run(FutureTask.java:264)
at java.base@17.0.5/java.util.concurrent.ThreadPoolExecutor.runWorker(ThreadPoolExecutor.java:1136)
at java.base@17.0.5/java.util.concurrent.ThreadPoolExecutor$Worker.run(ThreadPoolExecutor.java:635)
at java.base@17.0.5/java.lang.Thread.run(Thread.java:833)
... Removed 12 stack frames]]>
    </failure>
  </testcase> <!-- verifyLoginWithperformance_glitch_user -->
  <testcase classname="test.TestCasesForFunctionalityOfSwagLabs" name="RemoveMultipleProductsFromCart" time="0.0">
    <ignored/>
  </testcase> <!-- RemoveMultipleProductsFromCart -->
  <testcase classname="test.TestCasesForFunctionalityOfSwagLabs" name="addProductOnCart" time="0.0">
    <ignored/>
  </testcase> <!-- addProductOnCart -->
  <testcase classname="test.TestCasesForFunctionalityOfSwagLabs" name="removeProductFromCart" time="0.0">
    <ignored/>
  </testcase> <!-- removeProductFromCart -->
  <testcase classname="test.TestCasesForFunctionalityOfSwagLabs" name="verifyLogInFunctionality" time="0.0">
    <ignored/>
  </testcase> <!-- verifyLogInFunctionality -->
  <testcase classname="test.TestCasesForFunctionalityOfSwagLabs" name="VerifyChekoutFunctionality" time="0.0">
    <ignored/>
  </testcase> <!-- VerifyChekoutFunctionality -->
  <testcase classname="test.TestCasesForFunctionalityOfSwagLabs" name="addMultipleProductToCart" time="0.0">
    <ignored/>
  </testcase> <!-- addMultipleProductToCart -->
</testsuite> <!-- Regration Testing on chrome -->
