<?xml version="1.0" encoding="UTF-8"?>
<testng-results ignored="0" total="13" passed="10" failed="3" skipped="0">
  <reporter-output>
  </reporter-output>
  <suite started-at="2023-04-27T01:50:56 IST" name="Suite" finished-at="2023-04-27T01:53:14 IST" duration-ms="138038">
    <groups>
    </groups>
    <test started-at="2023-04-27T01:50:56 IST" name="Functional Testing on chrome" finished-at="2023-04-27T01:53:14 IST" duration-ms="138038">
      <class name="test.ValidatingLoginFunctionality">
        <test-method is-config="true" signature="setUpReports()[pri:0, instance:test.ValidatingLoginFunctionality@2cd76f31]" started-at="2023-04-27T01:52:22 IST" name="setUpReports" finished-at="2023-04-27T01:52:22 IST" duration-ms="36" status="PASS">
          <reporter-output>
          </reporter-output>
        </test-method> <!-- setUpReports -->
        <test-method is-config="true" signature="BrowserLaunching(java.lang.String)[pri:0, instance:test.ValidatingLoginFunctionality@2cd76f31]" started-at="2023-04-27T01:52:22 IST" name="BrowserLaunching" finished-at="2023-04-27T01:52:30 IST" duration-ms="8143" status="PASS">
          <params>
            <param index="0">
              <value>
                <![CDATA[Chrome]]>
              </value>
            </param>
          </params>
          <reporter-output>
          </reporter-output>
        </test-method> <!-- BrowserLaunching -->
        <test-method signature="verifyLoginWithstandard_user()[pri:1, instance:test.ValidatingLoginFunctionality@2cd76f31]" started-at="2023-04-27T01:52:30 IST" name="verifyLoginWithstandard_user" finished-at="2023-04-27T01:52:31 IST" duration-ms="1266" status="PASS">
          <reporter-output>
          </reporter-output>
        </test-method> <!-- verifyLoginWithstandard_user -->
        <test-method is-config="true" signature="getTestResult(org.testng.ITestResult)[pri:0, instance:test.ValidatingLoginFunctionality@2cd76f31]" started-at="2023-04-27T01:52:31 IST" name="getTestResult" finished-at="2023-04-27T01:52:31 IST" duration-ms="2" status="PASS">
          <params>
            <param index="0">
              <value>
                <![CDATA[[TestResult name=verifyLoginWithstandard_user status=SUCCESS method=ValidatingLoginFunctionality.verifyLoginWithstandard_user()[pri:1, instance:test.ValidatingLoginFunctionality@2cd76f31] output={null}]]]>
              </value>
            </param>
          </params>
          <reporter-output>
          </reporter-output>
        </test-method> <!-- getTestResult -->
        <test-method is-config="true" signature="BrowserLaunching(java.lang.String)[pri:0, instance:test.ValidatingLoginFunctionality@2cd76f31]" started-at="2023-04-27T01:52:31 IST" name="BrowserLaunching" finished-at="2023-04-27T01:52:39 IST" duration-ms="7196" status="PASS">
          <params>
            <param index="0">
              <value>
                <![CDATA[Chrome]]>
              </value>
            </param>
          </params>
          <reporter-output>
          </reporter-output>
        </test-method> <!-- BrowserLaunching -->
        <test-method signature="verifyLoginWithlocked_out_user()[pri:2, instance:test.ValidatingLoginFunctionality@2cd76f31]" started-at="2023-04-27T01:52:39 IST" name="verifyLoginWithlocked_out_user" finished-at="2023-04-27T01:52:40 IST" duration-ms="1215" status="PASS">
          <reporter-output>
          </reporter-output>
        </test-method> <!-- verifyLoginWithlocked_out_user -->
        <test-method is-config="true" signature="getTestResult(org.testng.ITestResult)[pri:0, instance:test.ValidatingLoginFunctionality@2cd76f31]" started-at="2023-04-27T01:52:40 IST" name="getTestResult" finished-at="2023-04-27T01:52:40 IST" duration-ms="0" status="PASS">
          <params>
            <param index="0">
              <value>
                <![CDATA[[TestResult name=verifyLoginWithlocked_out_user status=SUCCESS method=ValidatingLoginFunctionality.verifyLoginWithlocked_out_user()[pri:2, instance:test.ValidatingLoginFunctionality@2cd76f31] output={null}]]]>
              </value>
            </param>
          </params>
          <reporter-output>
          </reporter-output>
        </test-method> <!-- getTestResult -->
        <test-method is-config="true" signature="BrowserLaunching(java.lang.String)[pri:0, instance:test.ValidatingLoginFunctionality@2cd76f31]" started-at="2023-04-27T01:52:40 IST" name="BrowserLaunching" finished-at="2023-04-27T01:52:54 IST" duration-ms="14547" status="PASS">
          <params>
            <param index="0">
              <value>
                <![CDATA[Chrome]]>
              </value>
            </param>
          </params>
          <reporter-output>
          </reporter-output>
        </test-method> <!-- BrowserLaunching -->
        <test-method signature="verifyLoginWithproblem_user()[pri:3, instance:test.ValidatingLoginFunctionality@2cd76f31]" started-at="2023-04-27T01:52:54 IST" name="verifyLoginWithproblem_user" finished-at="2023-04-27T01:52:56 IST" duration-ms="1622" status="PASS">
          <reporter-output>
          </reporter-output>
        </test-method> <!-- verifyLoginWithproblem_user -->
        <test-method is-config="true" signature="getTestResult(org.testng.ITestResult)[pri:0, instance:test.ValidatingLoginFunctionality@2cd76f31]" started-at="2023-04-27T01:52:56 IST" name="getTestResult" finished-at="2023-04-27T01:52:56 IST" duration-ms="1" status="PASS">
          <params>
            <param index="0">
              <value>
                <![CDATA[[TestResult name=verifyLoginWithproblem_user status=SUCCESS method=ValidatingLoginFunctionality.verifyLoginWithproblem_user()[pri:3, instance:test.ValidatingLoginFunctionality@2cd76f31] output={null}]]]>
              </value>
            </param>
          </params>
          <reporter-output>
          </reporter-output>
        </test-method> <!-- getTestResult -->
        <test-method is-config="true" signature="BrowserLaunching(java.lang.String)[pri:0, instance:test.ValidatingLoginFunctionality@2cd76f31]" started-at="2023-04-27T01:52:56 IST" name="BrowserLaunching" finished-at="2023-04-27T01:53:03 IST" duration-ms="7405" status="PASS">
          <params>
            <param index="0">
              <value>
                <![CDATA[Chrome]]>
              </value>
            </param>
          </params>
          <reporter-output>
          </reporter-output>
        </test-method> <!-- BrowserLaunching -->
        <test-method signature="verifyLoginWithperformance_glitch_user()[pri:4, instance:test.ValidatingLoginFunctionality@2cd76f31]" started-at="2023-04-27T01:53:03 IST" name="verifyLoginWithperformance_glitch_user" finished-at="2023-04-27T01:53:05 IST" duration-ms="1323" status="FAIL">
          <exception class="org.testng.internal.thread.ThreadTimeoutException">
            <message>
              <![CDATA[Method test.ValidatingLoginFunctionality.verifyLoginWithperformance_glitch_user() didn't finish within the time-out 1200]]>
            </message>
            <full-stacktrace>
              <![CDATA[org.testng.internal.thread.ThreadTimeoutException: Method test.ValidatingLoginFunctionality.verifyLoginWithperformance_glitch_user() didn't finish within the time-out 1200
at java.base@17.0.5/jdk.internal.misc.Unsafe.park(Native Method)
at java.base@17.0.5/java.util.concurrent.locks.LockSupport.parkNanos(LockSupport.java:252)
at java.base@17.0.5/java.util.concurrent.CompletableFuture$Signaller.block(CompletableFuture.java:1866)
at java.base@17.0.5/java.util.concurrent.ForkJoinPool.unmanagedBlock(ForkJoinPool.java:3463)
at java.base@17.0.5/java.util.concurrent.ForkJoinPool.managedBlock(ForkJoinPool.java:3434)
at java.base@17.0.5/java.util.concurrent.CompletableFuture.timedGet(CompletableFuture.java:1939)
at java.base@17.0.5/java.util.concurrent.CompletableFuture.get(CompletableFuture.java:2095)
at app//org.asynchttpclient.netty.NettyResponseFuture.get(NettyResponseFuture.java:206)
at app//org.openqa.selenium.remote.http.netty.NettyHttpHandler.makeCall(NettyHttpHandler.java:59)
at app//org.openqa.selenium.remote.http.netty.NettyHttpHandler$$Lambda$491/0x0000000800fe7078.execute(Unknown Source)
at app//org.openqa.selenium.remote.http.AddSeleniumUserAgent.lambda$apply$0(AddSeleniumUserAgent.java:42)
at app//org.openqa.selenium.remote.http.AddSeleniumUserAgent$$Lambda$651/0x0000000801021660.execute(Unknown Source)
at app//org.openqa.selenium.remote.http.Filter.lambda$andFinally$1(Filter.java:56)
at app//org.openqa.selenium.remote.http.Filter$$Lambda$492/0x0000000800fe72a8.execute(Unknown Source)
at app//org.openqa.selenium.remote.http.netty.NettyHttpHandler.execute(NettyHttpHandler.java:49)
at app//org.openqa.selenium.remote.http.AddSeleniumUserAgent.lambda$apply$0(AddSeleniumUserAgent.java:42)
at app//org.openqa.selenium.remote.http.AddSeleniumUserAgent$$Lambda$651/0x0000000801021660.execute(Unknown Source)
at app//org.openqa.selenium.remote.http.Filter.lambda$andFinally$1(Filter.java:56)
at app//org.openqa.selenium.remote.http.Filter$$Lambda$492/0x0000000800fe72a8.execute(Unknown Source)
at app//org.openqa.selenium.remote.http.netty.NettyClient.execute(NettyClient.java:99)
at app//org.openqa.selenium.remote.HttpCommandExecutor.execute(HttpCommandExecutor.java:190)
at app//org.openqa.selenium.remote.service.DriverCommandExecutor.invokeExecute(DriverCommandExecutor.java:183)
at app//org.openqa.selenium.remote.service.DriverCommandExecutor.execute(DriverCommandExecutor.java:158)
at app//org.openqa.selenium.remote.RemoteWebDriver.execute(RemoteWebDriver.java:543)
at app//org.openqa.selenium.remote.RemoteWebElement.execute(RemoteWebElement.java:257)
at app//org.openqa.selenium.remote.RemoteWebElement.click(RemoteWebElement.java:78)
at jdk.internal.reflect.GeneratedMethodAccessor1.invoke(Unknown Source)
at java.base@17.0.5/jdk.internal.reflect.DelegatingMethodAccessorImpl.invoke(DelegatingMethodAccessorImpl.java:43)
at java.base@17.0.5/java.lang.reflect.Method.invoke(Method.java:568)
at app//org.openqa.selenium.support.pagefactory.internal.LocatingElementHandler.invoke(LocatingElementHandler.java:52)
at app/jdk.proxy2/jdk.proxy2.$Proxy26.click(Unknown Source)
at app//pom.LoginPage.clickOnLogin(LoginPage.java:32)
at app//test.ValidatingLoginFunctionality.verifyLoginWithperformance_glitch_user(ValidatingLoginFunctionality.java:102)
at java.base@17.0.5/jdk.internal.reflect.NativeMethodAccessorImpl.invoke0(Native Method)
at java.base@17.0.5/jdk.internal.reflect.NativeMethodAccessorImpl.invoke(NativeMethodAccessorImpl.java:77)
at java.base@17.0.5/jdk.internal.reflect.DelegatingMethodAccessorImpl.invoke(DelegatingMethodAccessorImpl.java:43)
at java.base@17.0.5/java.lang.reflect.Method.invoke(Method.java:568)
at app//org.testng.internal.invokers.MethodInvocationHelper.invokeMethod(MethodInvocationHelper.java:139)
at app//org.testng.internal.invokers.InvokeMethodRunnable.runOne(InvokeMethodRunnable.java:47)
at app//org.testng.internal.invokers.InvokeMethodRunnable.call(InvokeMethodRunnable.java:76)
at app//org.testng.internal.invokers.InvokeMethodRunnable.call(InvokeMethodRunnable.java:11)
at java.base@17.0.5/java.util.concurrent.FutureTask.run(FutureTask.java:264)
at java.base@17.0.5/java.util.concurrent.ThreadPoolExecutor.runWorker(ThreadPoolExecutor.java:1136)
at java.base@17.0.5/java.util.concurrent.ThreadPoolExecutor$Worker.run(ThreadPoolExecutor.java:635)
at java.base@17.0.5/java.lang.Thread.run(Thread.java:833)
]]>
            </full-stacktrace>
          </exception> <!-- org.testng.internal.thread.ThreadTimeoutException -->
          <reporter-output>
          </reporter-output>
        </test-method> <!-- verifyLoginWithperformance_glitch_user -->
        <test-method is-config="true" signature="getTestResult(org.testng.ITestResult)[pri:0, instance:test.ValidatingLoginFunctionality@2cd76f31]" started-at="2023-04-27T01:53:11 IST" name="getTestResult" finished-at="2023-04-27T01:53:11 IST" duration-ms="1" status="PASS">
          <params>
            <param index="0">
              <value>
                <![CDATA[[TestResult name=verifyLoginWithperformance_glitch_user status=FAILURE method=ValidatingLoginFunctionality.verifyLoginWithperformance_glitch_user()[pri:4, instance:test.ValidatingLoginFunctionality@2cd76f31] output={null}]]]>
              </value>
            </param>
          </params>
          <reporter-output>
          </reporter-output>
        </test-method> <!-- getTestResult -->
        <test-method is-config="true" signature="publishReports()[pri:0, instance:test.ValidatingLoginFunctionality@2cd76f31]" started-at="2023-04-27T01:53:14 IST" name="publishReports" finished-at="2023-04-27T01:53:14 IST" duration-ms="383" status="PASS">
          <reporter-output>
          </reporter-output>
        </test-method> <!-- publishReports -->
      </class> <!-- test.ValidatingLoginFunctionality -->
      <class name="test.TestCasesForFunctionalityOfSwagLabs">
        <test-method is-config="true" signature="setupReports()[pri:0, instance:test.TestCasesForFunctionalityOfSwagLabs@79079097]" started-at="2023-04-27T01:50:56 IST" name="setupReports" finished-at="2023-04-27T01:50:57 IST" duration-ms="664" status="PASS">
          <reporter-output>
          </reporter-output>
        </test-method> <!-- setupReports -->
        <test-method is-config="true" signature="BrowserLaunching(java.lang.String)[pri:0, instance:test.TestCasesForFunctionalityOfSwagLabs@79079097]" started-at="2023-04-27T01:50:59 IST" name="BrowserLaunching" finished-at="2023-04-27T01:51:08 IST" duration-ms="8612" status="PASS">
          <params>
            <param index="0">
              <value>
                <![CDATA[Chrome]]>
              </value>
            </param>
          </params>
          <reporter-output>
          </reporter-output>
        </test-method> <!-- BrowserLaunching -->
        <test-method signature="verifyLogInFunctionality(java.lang.String,java.lang.String)[pri:0, instance:test.TestCasesForFunctionalityOfSwagLabs@79079097]" started-at="2023-04-27T01:51:08 IST" name="verifyLogInFunctionality" data-provider="loginData" finished-at="2023-04-27T01:51:09 IST" duration-ms="867" status="PASS">
          <params>
            <param index="0">
              <value>
                <![CDATA[standard_user]]>
              </value>
            </param>
            <param index="1">
              <value>
                <![CDATA[secret_sauce]]>
              </value>
            </param>
          </params>
          <reporter-output>
          </reporter-output>
        </test-method> <!-- verifyLogInFunctionality -->
        <test-method is-config="true" signature="getTestResult(org.testng.ITestResult)[pri:0, instance:test.TestCasesForFunctionalityOfSwagLabs@79079097]" started-at="2023-04-27T01:51:09 IST" name="getTestResult" finished-at="2023-04-27T01:51:09 IST" duration-ms="13" status="PASS">
          <params>
            <param index="0">
              <value>
                <![CDATA[[TestResult name=verifyLogInFunctionality status=SUCCESS method=TestCasesForFunctionalityOfSwagLabs.verifyLogInFunctionality(java.lang.String,java.lang.String)[pri:0, instance:test.TestCasesForFunctionalityOfSwagLabs@79079097] output={null}]]]>
              </value>
            </param>
          </params>
          <reporter-output>
          </reporter-output>
        </test-method> <!-- getTestResult -->
        <test-method is-config="true" signature="BrowserLaunching(java.lang.String)[pri:0, instance:test.TestCasesForFunctionalityOfSwagLabs@79079097]" started-at="2023-04-27T01:51:09 IST" name="BrowserLaunching" finished-at="2023-04-27T01:51:13 IST" duration-ms="3845" status="PASS">
          <params>
            <param index="0">
              <value>
                <![CDATA[Chrome]]>
              </value>
            </param>
          </params>
          <reporter-output>
          </reporter-output>
        </test-method> <!-- BrowserLaunching -->
        <test-method signature="verifyLogInFunctionality(java.lang.String,java.lang.String)[pri:0, instance:test.TestCasesForFunctionalityOfSwagLabs@79079097]" started-at="2023-04-27T01:51:13 IST" name="verifyLogInFunctionality" data-provider="loginData" finished-at="2023-04-27T01:51:14 IST" duration-ms="792" status="PASS">
          <params>
            <param index="0">
              <value>
                <![CDATA[locked_out_user]]>
              </value>
            </param>
            <param index="1">
              <value>
                <![CDATA[secret_sauce]]>
              </value>
            </param>
          </params>
          <reporter-output>
          </reporter-output>
        </test-method> <!-- verifyLogInFunctionality -->
        <test-method is-config="true" signature="getTestResult(org.testng.ITestResult)[pri:0, instance:test.TestCasesForFunctionalityOfSwagLabs@79079097]" started-at="2023-04-27T01:51:14 IST" name="getTestResult" finished-at="2023-04-27T01:51:14 IST" duration-ms="6" status="PASS">
          <params>
            <param index="0">
              <value>
                <![CDATA[[TestResult name=verifyLogInFunctionality status=SUCCESS method=TestCasesForFunctionalityOfSwagLabs.verifyLogInFunctionality(java.lang.String,java.lang.String)[pri:0, instance:test.TestCasesForFunctionalityOfSwagLabs@79079097] output={null}]]]>
              </value>
            </param>
          </params>
          <reporter-output>
          </reporter-output>
        </test-method> <!-- getTestResult -->
        <test-method is-config="true" signature="BrowserLaunching(java.lang.String)[pri:0, instance:test.TestCasesForFunctionalityOfSwagLabs@79079097]" started-at="2023-04-27T01:51:14 IST" name="BrowserLaunching" finished-at="2023-04-27T01:51:18 IST" duration-ms="4065" status="PASS">
          <params>
            <param index="0">
              <value>
                <![CDATA[Chrome]]>
              </value>
            </param>
          </params>
          <reporter-output>
          </reporter-output>
        </test-method> <!-- BrowserLaunching -->
        <test-method signature="verifyLogInFunctionality(java.lang.String,java.lang.String)[pri:0, instance:test.TestCasesForFunctionalityOfSwagLabs@79079097]" started-at="2023-04-27T01:51:18 IST" name="verifyLogInFunctionality" data-provider="loginData" finished-at="2023-04-27T01:51:18 IST" duration-ms="875" status="PASS">
          <params>
            <param index="0">
              <value>
                <![CDATA[problem_user]]>
              </value>
            </param>
            <param index="1">
              <value>
                <![CDATA[secret_sauce]]>
              </value>
            </param>
          </params>
          <reporter-output>
          </reporter-output>
        </test-method> <!-- verifyLogInFunctionality -->
        <test-method is-config="true" signature="getTestResult(org.testng.ITestResult)[pri:0, instance:test.TestCasesForFunctionalityOfSwagLabs@79079097]" started-at="2023-04-27T01:51:18 IST" name="getTestResult" finished-at="2023-04-27T01:51:18 IST" duration-ms="1" status="PASS">
          <params>
            <param index="0">
              <value>
                <![CDATA[[TestResult name=verifyLogInFunctionality status=SUCCESS method=TestCasesForFunctionalityOfSwagLabs.verifyLogInFunctionality(java.lang.String,java.lang.String)[pri:0, instance:test.TestCasesForFunctionalityOfSwagLabs@79079097] output={null}]]]>
              </value>
            </param>
          </params>
          <reporter-output>
          </reporter-output>
        </test-method> <!-- getTestResult -->
        <test-method is-config="true" signature="BrowserLaunching(java.lang.String)[pri:0, instance:test.TestCasesForFunctionalityOfSwagLabs@79079097]" started-at="2023-04-27T01:51:18 IST" name="BrowserLaunching" finished-at="2023-04-27T01:51:23 IST" duration-ms="4488" status="PASS">
          <params>
            <param index="0">
              <value>
                <![CDATA[Chrome]]>
              </value>
            </param>
          </params>
          <reporter-output>
          </reporter-output>
        </test-method> <!-- BrowserLaunching -->
        <test-method signature="verifyLogInFunctionality(java.lang.String,java.lang.String)[pri:0, instance:test.TestCasesForFunctionalityOfSwagLabs@79079097]" started-at="2023-04-27T01:51:23 IST" name="verifyLogInFunctionality" data-provider="loginData" finished-at="2023-04-27T01:51:29 IST" duration-ms="6027" status="PASS">
          <params>
            <param index="0">
              <value>
                <![CDATA[performance_glitch_user]]>
              </value>
            </param>
            <param index="1">
              <value>
                <![CDATA[secret_sauce]]>
              </value>
            </param>
          </params>
          <reporter-output>
          </reporter-output>
        </test-method> <!-- verifyLogInFunctionality -->
        <test-method is-config="true" signature="getTestResult(org.testng.ITestResult)[pri:0, instance:test.TestCasesForFunctionalityOfSwagLabs@79079097]" started-at="2023-04-27T01:51:29 IST" name="getTestResult" finished-at="2023-04-27T01:51:29 IST" duration-ms="1" status="PASS">
          <params>
            <param index="0">
              <value>
                <![CDATA[[TestResult name=verifyLogInFunctionality status=SUCCESS method=TestCasesForFunctionalityOfSwagLabs.verifyLogInFunctionality(java.lang.String,java.lang.String)[pri:0, instance:test.TestCasesForFunctionalityOfSwagLabs@79079097] output={null}]]]>
              </value>
            </param>
          </params>
          <reporter-output>
          </reporter-output>
        </test-method> <!-- getTestResult -->
        <test-method is-config="true" signature="BrowserLaunching(java.lang.String)[pri:0, instance:test.TestCasesForFunctionalityOfSwagLabs@79079097]" started-at="2023-04-27T01:51:29 IST" name="BrowserLaunching" finished-at="2023-04-27T01:51:36 IST" duration-ms="6510" status="PASS">
          <params>
            <param index="0">
              <value>
                <![CDATA[Chrome]]>
              </value>
            </param>
          </params>
          <reporter-output>
          </reporter-output>
        </test-method> <!-- BrowserLaunching -->
        <test-method signature="addProductOnCart()[pri:1, instance:test.TestCasesForFunctionalityOfSwagLabs@79079097]" started-at="2023-04-27T01:51:36 IST" name="addProductOnCart" finished-at="2023-04-27T01:51:40 IST" duration-ms="4125" status="PASS">
          <reporter-output>
          </reporter-output>
        </test-method> <!-- addProductOnCart -->
        <test-method is-config="true" signature="getTestResult(org.testng.ITestResult)[pri:0, instance:test.TestCasesForFunctionalityOfSwagLabs@79079097]" started-at="2023-04-27T01:51:40 IST" name="getTestResult" finished-at="2023-04-27T01:51:40 IST" duration-ms="2" status="PASS">
          <params>
            <param index="0">
              <value>
                <![CDATA[[TestResult name=addProductOnCart status=SUCCESS method=TestCasesForFunctionalityOfSwagLabs.addProductOnCart()[pri:1, instance:test.TestCasesForFunctionalityOfSwagLabs@79079097] output={null}]]]>
              </value>
            </param>
          </params>
          <reporter-output>
          </reporter-output>
        </test-method> <!-- getTestResult -->
        <test-method is-config="true" signature="BrowserLaunching(java.lang.String)[pri:0, instance:test.TestCasesForFunctionalityOfSwagLabs@79079097]" started-at="2023-04-27T01:51:40 IST" name="BrowserLaunching" finished-at="2023-04-27T01:51:51 IST" duration-ms="11105" status="PASS">
          <params>
            <param index="0">
              <value>
                <![CDATA[Chrome]]>
              </value>
            </param>
          </params>
          <reporter-output>
          </reporter-output>
        </test-method> <!-- BrowserLaunching -->
        <test-method signature="removeProductFromCart()[pri:2, instance:test.TestCasesForFunctionalityOfSwagLabs@79079097]" started-at="2023-04-27T01:51:51 IST" name="removeProductFromCart" finished-at="2023-04-27T01:51:55 IST" duration-ms="4187" status="FAIL">
          <exception class="org.openqa.selenium.WebDriverException">
            <message>
              <![CDATA[target frame detached
  (failed to check if window was closed: disconnected: not connected to DevTools)
  (Session info: chrome=112.0.5615.138)
Build info: version: '4.8.3', revision: 'e5e76298c3'
System info: os.name: 'Windows 10', os.arch: 'amd64', os.version: '10.0', java.version: '17.0.5'
Driver info: org.openqa.selenium.chrome.ChromeDriver
Command: [04c67b6986910d9146017a0a46d912fa, findElements {using=xpath, value=//div[@class="cart_item"]}]
Capabilities {acceptInsecureCerts: false, browserName: chrome, browserVersion: 112.0.5615.138, chrome: {chromedriverVersion: 112.0.5615.49 (bd2a7bcb881c..., userDataDir: C:\Users\swapn\AppData\Loca...}, goog:chromeOptions: {debuggerAddress: localhost:51695}, networkConnectionEnabled: false, pageLoadStrategy: normal, platformName: WINDOWS, proxy: Proxy(), se:cdp: ws://localhost:51695/devtoo..., se:cdpVersion: 112.0.5615.138, setWindowRect: true, strictFileInteractability: false, timeouts: {implicit: 0, pageLoad: 300000, script: 30000}, unhandledPromptBehavior: dismiss and notify, webauthn:extension:credBlob: true, webauthn:extension:largeBlob: true, webauthn:extension:minPinLength: true, webauthn:extension:prf: true, webauthn:virtualAuthenticators: true}
Session ID: 04c67b6986910d9146017a0a46d912fa]]>
            </message>
            <full-stacktrace>
              <![CDATA[org.openqa.selenium.WebDriverException: target frame detached
  (failed to check if window was closed: disconnected: not connected to DevTools)
  (Session info: chrome=112.0.5615.138)
Build info: version: '4.8.3', revision: 'e5e76298c3'
System info: os.name: 'Windows 10', os.arch: 'amd64', os.version: '10.0', java.version: '17.0.5'
Driver info: org.openqa.selenium.chrome.ChromeDriver
Command: [04c67b6986910d9146017a0a46d912fa, findElements {using=xpath, value=//div[@class="cart_item"]}]
Capabilities {acceptInsecureCerts: false, browserName: chrome, browserVersion: 112.0.5615.138, chrome: {chromedriverVersion: 112.0.5615.49 (bd2a7bcb881c..., userDataDir: C:\Users\swapn\AppData\Loca...}, goog:chromeOptions: {debuggerAddress: localhost:51695}, networkConnectionEnabled: false, pageLoadStrategy: normal, platformName: WINDOWS, proxy: Proxy(), se:cdp: ws://localhost:51695/devtoo..., se:cdpVersion: 112.0.5615.138, setWindowRect: true, strictFileInteractability: false, timeouts: {implicit: 0, pageLoad: 300000, script: 30000}, unhandledPromptBehavior: dismiss and notify, webauthn:extension:credBlob: true, webauthn:extension:largeBlob: true, webauthn:extension:minPinLength: true, webauthn:extension:prf: true, webauthn:virtualAuthenticators: true}
Session ID: 04c67b6986910d9146017a0a46d912fa
at java.base/jdk.internal.reflect.NativeConstructorAccessorImpl.newInstance0(Native Method)
at java.base/jdk.internal.reflect.NativeConstructorAccessorImpl.newInstance(NativeConstructorAccessorImpl.java:77)
at java.base/jdk.internal.reflect.DelegatingConstructorAccessorImpl.newInstance(DelegatingConstructorAccessorImpl.java:45)
at java.base/java.lang.reflect.Constructor.newInstanceWithCaller(Constructor.java:499)
at java.base/java.lang.reflect.Constructor.newInstance(Constructor.java:480)
at org.openqa.selenium.remote.codec.w3c.W3CHttpResponseCodec.createException(W3CHttpResponseCodec.java:200)
at org.openqa.selenium.remote.codec.w3c.W3CHttpResponseCodec.decode(W3CHttpResponseCodec.java:133)
at org.openqa.selenium.remote.codec.w3c.W3CHttpResponseCodec.decode(W3CHttpResponseCodec.java:53)
at org.openqa.selenium.remote.HttpCommandExecutor.execute(HttpCommandExecutor.java:193)
at org.openqa.selenium.remote.service.DriverCommandExecutor.invokeExecute(DriverCommandExecutor.java:183)
at org.openqa.selenium.remote.service.DriverCommandExecutor.execute(DriverCommandExecutor.java:158)
at org.openqa.selenium.remote.RemoteWebDriver.execute(RemoteWebDriver.java:543)
at org.openqa.selenium.remote.ElementLocation$ElementFinder$2.findElements(ElementLocation.java:179)
at org.openqa.selenium.remote.ElementLocation.findElements(ElementLocation.java:102)
at org.openqa.selenium.remote.RemoteWebDriver.findElements(RemoteWebDriver.java:367)
at org.openqa.selenium.remote.RemoteWebDriver.findElements(RemoteWebDriver.java:359)
at org.openqa.selenium.support.pagefactory.DefaultElementLocator.findElements(DefaultElementLocator.java:87)
at org.openqa.selenium.support.pagefactory.internal.LocatingElementListHandler.invoke(LocatingElementListHandler.java:37)
at jdk.proxy2/jdk.proxy2.$Proxy27.size(Unknown Source)
at pom.CartPage.numberOfContainers(CartPage.java:33)
at test.TestCasesForFunctionalityOfSwagLabs.removeProductFromCart(TestCasesForFunctionalityOfSwagLabs.java:130)
at java.base/jdk.internal.reflect.NativeMethodAccessorImpl.invoke0(Native Method)
at java.base/jdk.internal.reflect.NativeMethodAccessorImpl.invoke(NativeMethodAccessorImpl.java:77)
at java.base/jdk.internal.reflect.DelegatingMethodAccessorImpl.invoke(DelegatingMethodAccessorImpl.java:43)
at java.base/java.lang.reflect.Method.invoke(Method.java:568)
at org.testng.internal.invokers.MethodInvocationHelper.invokeMethod(MethodInvocationHelper.java:139)
at org.testng.internal.invokers.TestInvoker.invokeMethod(TestInvoker.java:677)
at org.testng.internal.invokers.TestInvoker.invokeTestMethod(TestInvoker.java:221)
at org.testng.internal.invokers.MethodRunner.runInSequence(MethodRunner.java:50)
at org.testng.internal.invokers.TestInvoker$MethodInvocationAgent.invoke(TestInvoker.java:969)
at org.testng.internal.invokers.TestInvoker.invokeTestMethods(TestInvoker.java:194)
at org.testng.internal.invokers.TestMethodWorker.invokeTestMethods(TestMethodWorker.java:148)
at org.testng.internal.invokers.TestMethodWorker.run(TestMethodWorker.java:128)
at java.base/java.util.ArrayList.forEach(ArrayList.java:1511)
at org.testng.TestRunner.privateRun(TestRunner.java:829)
at org.testng.TestRunner.run(TestRunner.java:602)
at org.testng.SuiteRunner.runTest(SuiteRunner.java:437)
at org.testng.SuiteRunner.runSequentially(SuiteRunner.java:431)
at org.testng.SuiteRunner.privateRun(SuiteRunner.java:391)
at org.testng.SuiteRunner.run(SuiteRunner.java:330)
at org.testng.SuiteRunnerWorker.runSuite(SuiteRunnerWorker.java:52)
at org.testng.SuiteRunnerWorker.run(SuiteRunnerWorker.java:95)
at org.testng.TestNG.runSuitesSequentially(TestNG.java:1256)
at org.testng.TestNG.runSuitesLocally(TestNG.java:1176)
at org.testng.TestNG.runSuites(TestNG.java:1099)
at org.testng.TestNG.run(TestNG.java:1067)
at org.testng.remote.AbstractRemoteTestNG.run(AbstractRemoteTestNG.java:115)
at org.testng.remote.RemoteTestNG.initAndRun(RemoteTestNG.java:251)
at org.testng.remote.RemoteTestNG.main(RemoteTestNG.java:77)
]]>
            </full-stacktrace>
          </exception> <!-- org.openqa.selenium.WebDriverException -->
          <reporter-output>
          </reporter-output>
        </test-method> <!-- removeProductFromCart -->
        <test-method is-config="true" signature="getTestResult(org.testng.ITestResult)[pri:0, instance:test.TestCasesForFunctionalityOfSwagLabs@79079097]" started-at="2023-04-27T01:51:56 IST" name="getTestResult" finished-at="2023-04-27T01:51:56 IST" duration-ms="2" status="PASS">
          <params>
            <param index="0">
              <value>
                <![CDATA[[TestResult name=removeProductFromCart status=FAILURE method=TestCasesForFunctionalityOfSwagLabs.removeProductFromCart()[pri:2, instance:test.TestCasesForFunctionalityOfSwagLabs@79079097] output={null}]]]>
              </value>
            </param>
          </params>
          <reporter-output>
          </reporter-output>
        </test-method> <!-- getTestResult -->
        <test-method is-config="true" signature="BrowserLaunching(java.lang.String)[pri:0, instance:test.TestCasesForFunctionalityOfSwagLabs@79079097]" started-at="2023-04-27T01:51:56 IST" name="BrowserLaunching" finished-at="2023-04-27T01:51:59 IST" duration-ms="3543" status="PASS">
          <params>
            <param index="0">
              <value>
                <![CDATA[Chrome]]>
              </value>
            </param>
          </params>
          <reporter-output>
          </reporter-output>
        </test-method> <!-- BrowserLaunching -->
        <test-method signature="addMultipleProductToCart()[pri:3, instance:test.TestCasesForFunctionalityOfSwagLabs@79079097]" started-at="2023-04-27T01:51:59 IST" name="addMultipleProductToCart" finished-at="2023-04-27T01:52:02 IST" duration-ms="2907" status="PASS">
          <reporter-output>
          </reporter-output>
        </test-method> <!-- addMultipleProductToCart -->
        <test-method is-config="true" signature="getTestResult(org.testng.ITestResult)[pri:0, instance:test.TestCasesForFunctionalityOfSwagLabs@79079097]" started-at="2023-04-27T01:52:02 IST" name="getTestResult" finished-at="2023-04-27T01:52:02 IST" duration-ms="1" status="PASS">
          <params>
            <param index="0">
              <value>
                <![CDATA[[TestResult name=addMultipleProductToCart status=SUCCESS method=TestCasesForFunctionalityOfSwagLabs.addMultipleProductToCart()[pri:3, instance:test.TestCasesForFunctionalityOfSwagLabs@79079097] output={null}]]]>
              </value>
            </param>
          </params>
          <reporter-output>
          </reporter-output>
        </test-method> <!-- getTestResult -->
        <test-method is-config="true" signature="BrowserLaunching(java.lang.String)[pri:0, instance:test.TestCasesForFunctionalityOfSwagLabs@79079097]" started-at="2023-04-27T01:52:02 IST" name="BrowserLaunching" finished-at="2023-04-27T01:52:07 IST" duration-ms="4529" status="PASS">
          <params>
            <param index="0">
              <value>
                <![CDATA[Chrome]]>
              </value>
            </param>
          </params>
          <reporter-output>
          </reporter-output>
        </test-method> <!-- BrowserLaunching -->
        <test-method signature="RemoveMultipleProductsFromCart()[pri:4, instance:test.TestCasesForFunctionalityOfSwagLabs@79079097]" started-at="2023-04-27T01:52:07 IST" name="RemoveMultipleProductsFromCart" finished-at="2023-04-27T01:52:10 IST" duration-ms="3735" status="PASS">
          <reporter-output>
          </reporter-output>
        </test-method> <!-- RemoveMultipleProductsFromCart -->
        <test-method is-config="true" signature="getTestResult(org.testng.ITestResult)[pri:0, instance:test.TestCasesForFunctionalityOfSwagLabs@79079097]" started-at="2023-04-27T01:52:10 IST" name="getTestResult" finished-at="2023-04-27T01:52:10 IST" duration-ms="2" status="PASS">
          <params>
            <param index="0">
              <value>
                <![CDATA[[TestResult name=RemoveMultipleProductsFromCart status=SUCCESS method=TestCasesForFunctionalityOfSwagLabs.RemoveMultipleProductsFromCart()[pri:4, instance:test.TestCasesForFunctionalityOfSwagLabs@79079097] output={null}]]]>
              </value>
            </param>
          </params>
          <reporter-output>
          </reporter-output>
        </test-method> <!-- getTestResult -->
        <test-method is-config="true" signature="BrowserLaunching(java.lang.String)[pri:0, instance:test.TestCasesForFunctionalityOfSwagLabs@79079097]" started-at="2023-04-27T01:52:10 IST" name="BrowserLaunching" finished-at="2023-04-27T01:52:18 IST" duration-ms="7452" status="PASS">
          <params>
            <param index="0">
              <value>
                <![CDATA[Chrome]]>
              </value>
            </param>
          </params>
          <reporter-output>
          </reporter-output>
        </test-method> <!-- BrowserLaunching -->
        <test-method signature="VerifyChekoutFunctionality()[pri:5, instance:test.TestCasesForFunctionalityOfSwagLabs@79079097]" started-at="2023-04-27T01:52:18 IST" name="VerifyChekoutFunctionality" finished-at="2023-04-27T01:52:21 IST" duration-ms="3773" status="FAIL">
          <exception class="java.lang.NumberFormatException">
            <message>
              <![CDATA[For input string: "ax: $3.68"]]>
            </message>
            <full-stacktrace>
              <![CDATA[java.lang.NumberFormatException: For input string: "ax: $3.68"
at java.base/jdk.internal.math.FloatingDecimal.readJavaFormatString(FloatingDecimal.java:2054)
at java.base/jdk.internal.math.FloatingDecimal.parseDouble(FloatingDecimal.java:110)
at java.base/java.lang.Double.parseDouble(Double.java:651)
at pom.Overview.getTotle(Overview.java:58)
at test.TestCasesForFunctionalityOfSwagLabs.VerifyChekoutFunctionality(TestCasesForFunctionalityOfSwagLabs.java:253)
at java.base/jdk.internal.reflect.NativeMethodAccessorImpl.invoke0(Native Method)
at java.base/jdk.internal.reflect.NativeMethodAccessorImpl.invoke(NativeMethodAccessorImpl.java:77)
at java.base/jdk.internal.reflect.DelegatingMethodAccessorImpl.invoke(DelegatingMethodAccessorImpl.java:43)
at java.base/java.lang.reflect.Method.invoke(Method.java:568)
at org.testng.internal.invokers.MethodInvocationHelper.invokeMethod(MethodInvocationHelper.java:139)
at org.testng.internal.invokers.TestInvoker.invokeMethod(TestInvoker.java:677)
at org.testng.internal.invokers.TestInvoker.invokeTestMethod(TestInvoker.java:221)
at org.testng.internal.invokers.MethodRunner.runInSequence(MethodRunner.java:50)
at org.testng.internal.invokers.TestInvoker$MethodInvocationAgent.invoke(TestInvoker.java:969)
at org.testng.internal.invokers.TestInvoker.invokeTestMethods(TestInvoker.java:194)
at org.testng.internal.invokers.TestMethodWorker.invokeTestMethods(TestMethodWorker.java:148)
at org.testng.internal.invokers.TestMethodWorker.run(TestMethodWorker.java:128)
at java.base/java.util.ArrayList.forEach(ArrayList.java:1511)
at org.testng.TestRunner.privateRun(TestRunner.java:829)
at org.testng.TestRunner.run(TestRunner.java:602)
at org.testng.SuiteRunner.runTest(SuiteRunner.java:437)
at org.testng.SuiteRunner.runSequentially(SuiteRunner.java:431)
at org.testng.SuiteRunner.privateRun(SuiteRunner.java:391)
at org.testng.SuiteRunner.run(SuiteRunner.java:330)
at org.testng.SuiteRunnerWorker.runSuite(SuiteRunnerWorker.java:52)
at org.testng.SuiteRunnerWorker.run(SuiteRunnerWorker.java:95)
at org.testng.TestNG.runSuitesSequentially(TestNG.java:1256)
at org.testng.TestNG.runSuitesLocally(TestNG.java:1176)
at org.testng.TestNG.runSuites(TestNG.java:1099)
at org.testng.TestNG.run(TestNG.java:1067)
at org.testng.remote.AbstractRemoteTestNG.run(AbstractRemoteTestNG.java:115)
at org.testng.remote.RemoteTestNG.initAndRun(RemoteTestNG.java:251)
at org.testng.remote.RemoteTestNG.main(RemoteTestNG.java:77)
]]>
            </full-stacktrace>
          </exception> <!-- java.lang.NumberFormatException -->
          <reporter-output>
          </reporter-output>
        </test-method> <!-- VerifyChekoutFunctionality -->
        <test-method is-config="true" signature="getTestResult(org.testng.ITestResult)[pri:0, instance:test.TestCasesForFunctionalityOfSwagLabs@79079097]" started-at="2023-04-27T01:52:22 IST" name="getTestResult" finished-at="2023-04-27T01:52:22 IST" duration-ms="1" status="PASS">
          <params>
            <param index="0">
              <value>
                <![CDATA[[TestResult name=VerifyChekoutFunctionality status=FAILURE method=TestCasesForFunctionalityOfSwagLabs.VerifyChekoutFunctionality()[pri:5, instance:test.TestCasesForFunctionalityOfSwagLabs@79079097] output={null}]]]>
              </value>
            </param>
          </params>
          <reporter-output>
          </reporter-output>
        </test-method> <!-- getTestResult -->
        <test-method is-config="true" signature="publishReports()[pri:0, instance:test.TestCasesForFunctionalityOfSwagLabs@79079097]" started-at="2023-04-27T01:53:11 IST" name="publishReports" finished-at="2023-04-27T01:53:14 IST" duration-ms="2248" status="PASS">
          <reporter-output>
          </reporter-output>
        </test-method> <!-- publishReports -->
      </class> <!-- test.TestCasesForFunctionalityOfSwagLabs -->
    </test> <!-- Functional Testing on chrome -->
  </suite> <!-- Suite -->
</testng-results>
